Build started 28/04/2015 19:24:45.
     1>Project "C:\ResearchDocuments\VCProj\OpenCVToMatlabDebug\OpenCVToMatlabDebug\OpenCVToMatlabDebug.vcxproj" on node 2 (build target(s)).
     1>PrepareForBuild:
         Creating directory "C:\ResearchDocuments\VCProj\OpenCVToMatlabDebug\Debug\".
       InitializeBuildStatus:
         Creating "Debug\OpenCVToMatlabDebug.unsuccessfulbuild" because "AlwaysCreate" was specified.
       ClCompile:
         C:\Program Files (x86)\Microsoft Visual Studio 10.0\VC\bin\CL.exe /c /ZI /nologo /W3 /WX- /Od /Oy- /D WIN32 /D _DEBUG /D _CONSOLE /D _UNICODE /D UNICODE /Gm /EHsc /RTC1 /MDd /GS /fp:precise /Zc:wchar_t /Zc:forScope /Fo"Debug\\" /Fd"Debug\vc100.pdb" /Gd /TP /analyze- /errorReport:prompt main.cpp OpenCVToMatlabWrapper.cpp
         OpenCVToMatlabWrapper.cpp
     1>c:\researchdocuments\vcproj\opencvtomatlabdebug\opencvtomatlabdebug\opencv_matlab.hpp(48): fatal error C1083: Cannot open include file: 'opencv2/core/core.hpp': No such file or directory
         main.cpp
     1>c:\researchdocuments\vcproj\opencvtomatlabdebug\opencvtomatlabdebug\main.cpp(2): fatal error C1083: Cannot open include file: 'opencv2\highgui\highgui.hpp': No such file or directory
         Generating Code...
     1>Done Building Project "C:\ResearchDocuments\VCProj\OpenCVToMatlabDebug\OpenCVToMatlabDebug\OpenCVToMatlabDebug.vcxproj" (build target(s)) -- FAILED.

Build FAILED.

Time Elapsed 00:00:03.68
